<?xml version="1.0" encoding="UTF-8" standalone="no"?><testsuite errors="1" failures="0" name="practice form and navigate elements and slider" skipped="0" tests="1" time="68.69" timestamp="2024-01-26 01:30:08"><testcase name="Verify the functionality of links"><error message="no such element: Unable to locate element: {&quot;method&quot;:&quot;css selector&quot;,&quot;selector&quot;:&quot;#linkResponse&quot;}&#10;  (Session info: MicrosoftEdge=120.0.2210.144)&#10;For documentation on this error, please visit: https://selenium.dev/exceptions/#no_such_element&#10;Build info: version: '4.9.0', revision: 'd7057100a6'&#10;System info: os.name: 'Windows 11', os.arch: 'amd64', os.version: '10.0', java.version: '11.0.15.1'&#10;Driver info: org.openqa.selenium.edge.EdgeDriver&#10;Command: [552a244007ac0c9c67e87a09fd27c88d, findElement {using=id, value=linkResponse}]&#10;Capabilities {acceptInsecureCerts: true, browserName: MicrosoftEdge, browserVersion: 120.0.2210.144, fedcm:accounts: true, ms:edgeOptions: {debuggerAddress: localhost:56881}, msedge: {msedgedriverVersion: 120.0.2210.144 (cbca972d598..., userDataDir: C:\Users\pcc\AppData\Local\...}, networkConnectionEnabled: false, pageLoadStrategy: normal, platformName: WINDOWS, proxy: Proxy(), se:cdp: ws://localhost:56881/devtoo..., se:cdpVersion: 120.0.2210.144, setWindowRect: true, strictFileInteractability: false, timeouts: {implicit: 0, pageLoad: 300000, script: 30000}, unhandledPromptBehavior: dismiss and notify, webauthn:extension:credBlob: true, webauthn:extension:largeBlob: true, webauthn:extension:minPinLength: true, webauthn:extension:prf: true, webauthn:virtualAuthenticators: true}&#10;Session ID: 552a244007ac0c9c67e87a09fd27c88d" type="org.openqa.selenium.NoSuchElementException">no such element: Unable to locate element: {"method":"css selector","selector":"#linkResponse"}
  (Session info: MicrosoftEdge=120.0.2210.144)
For documentation on this error, please visit: https://selenium.dev/exceptions/#no_such_element
Build info: version: '4.9.0', revision: 'd7057100a6'
System info: os.name: 'Windows 11', os.arch: 'amd64', os.version: '10.0', java.version: '11.0.15.1'
Driver info: org.openqa.selenium.edge.EdgeDriver
Command: [552a244007ac0c9c67e87a09fd27c88d, findElement {using=id, value=linkResponse}]
Capabilities {acceptInsecureCerts: true, browserName: MicrosoftEdge, browserVersion: 120.0.2210.144, fedcm:accounts: true, ms:edgeOptions: {debuggerAddress: localhost:56881}, msedge: {msedgedriverVersion: 120.0.2210.144 (cbca972d598..., userDataDir: C:\Users\pcc\AppData\Local\...}, networkConnectionEnabled: false, pageLoadStrategy: normal, platformName: WINDOWS, proxy: Proxy(), se:cdp: ws://localhost:56881/devtoo..., se:cdpVersion: 120.0.2210.144, setWindowRect: true, strictFileInteractability: false, timeouts: {implicit: 0, pageLoad: 300000, script: 30000}, unhandledPromptBehavior: dismiss and notify, webauthn:extension:credBlob: true, webauthn:extension:largeBlob: true, webauthn:extension:minPinLength: true, webauthn:extension:prf: true, webauthn:virtualAuthenticators: true}
Session ID: 552a244007ac0c9c67e87a09fd27c88d</error><system-err>no such element: Unable to locate element: {"method":"css selector","selector":"#linkResponse"}
  (Session info: MicrosoftEdge=120.0.2210.144)
For documentation on this error, please visit: https://selenium.dev/exceptions/#no_such_element
Build info: version: '4.9.0', revision: 'd7057100a6'
System info: os.name: 'Windows 11', os.arch: 'amd64', os.version: '10.0', java.version: '11.0.15.1'
Driver info: org.openqa.selenium.edge.EdgeDriver
Command: [552a244007ac0c9c67e87a09fd27c88d, findElement {using=id, value=linkResponse}]
Capabilities {acceptInsecureCerts: true, browserName: MicrosoftEdge, browserVersion: 120.0.2210.144, fedcm:accounts: true, ms:edgeOptions: {debuggerAddress: localhost:56881}, msedge: {msedgedriverVersion: 120.0.2210.144 (cbca972d598..., userDataDir: C:\Users\pcc\AppData\Local\...}, networkConnectionEnabled: false, pageLoadStrategy: normal, platformName: WINDOWS, proxy: Proxy(), se:cdp: ws://localhost:56881/devtoo..., se:cdpVersion: 120.0.2210.144, setWindowRect: true, strictFileInteractability: false, timeouts: {implicit: 0, pageLoad: 300000, script: 30000}, unhandledPromptBehavior: dismiss and notify, webauthn:extension:credBlob: true, webauthn:extension:largeBlob: true, webauthn:extension:minPinLength: true, webauthn:extension:prf: true, webauthn:virtualAuthenticators: true}
Session ID: 552a244007ac0c9c67e87a09fd27c88d&#13;
com.demoqa.tasks.FollowingLinksWillSendAnApiCallTask.performAs(FollowingLinksWillSendAnApiCallTask.java:25)&#13;
com.demoqa.stepsdefinitions.FunctionalityOfLinksStepDefinitions.clickOnEachOfTheAvailableLinksAndVerifyThatTheCorrectPageLoadsAndThatTheContentIsVisible(FunctionalityOfLinksStepDefinitions.java:35)&#13;
io.cucumber.java.Invoker.doInvoke(Invoker.java:66)&#13;
io.cucumber.java.Invoker.invoke(Invoker.java:24)&#13;
io.cucumber.java.AbstractGlueDefinition.invokeMethod(AbstractGlueDefinition.java:47)&#13;
io.cucumber.java.JavaStepDefinition.execute(JavaStepDefinition.java:29)&#13;
io.cucumber.core.runner.CoreStepDefinition.execute(CoreStepDefinition.java:66)&#13;
io.cucumber.core.runner.PickleStepDefinitionMatch.runStep(PickleStepDefinitionMatch.java:63)&#13;
io.cucumber.core.runner.TestStep.executeStep(TestStep.java:84)&#13;
io.cucumber.core.runner.TestStep.run(TestStep.java:56)&#13;
io.cucumber.core.runner.PickleStepTestStep.run(PickleStepTestStep.java:51)&#13;
io.cucumber.core.runner.TestCase.run(TestCase.java:84)&#13;
io.cucumber.core.runner.Runner.runPickle(Runner.java:75)&#13;
io.cucumber.core.runtime.CucumberExecutionContext.lambda$runTestCase$5(CucumberExecutionContext.java:130)&#13;
io.cucumber.core.runtime.RethrowingThrowableCollector.executeAndThrow(RethrowingThrowableCollector.java:23)&#13;
io.cucumber.core.runtime.CucumberExecutionContext.runTestCase(CucumberExecutionContext.java:130)&#13;
io.cucumber.junit.FeatureRunner.runChild(FeatureRunner.java:144)&#13;
io.cucumber.junit.FeatureRunner.runChild(FeatureRunner.java:28)&#13;
io.cucumber.junit.FeatureRunner.run(FeatureRunner.java:137)&#13;
io.cucumber.junit.CucumberSerenityBaseRunner.runChild(CucumberSerenityBaseRunner.java:330)&#13;
io.cucumber.junit.CucumberSerenityBaseRunner.runChild(CucumberSerenityBaseRunner.java:51)&#13;
worker.org.gradle.process.internal.worker.GradleWorkerMain.run(GradleWorkerMain.java:69)&#13;
worker.org.gradle.process.internal.worker.GradleWorkerMain.main(GradleWorkerMain.java:74)&#13;
</system-err></testcase></testsuite>